# JRE version: Java(TM) SE Runtime Environment (8.0_171-b11) (build 1.8.0_171-b11)
# Java VM: Java HotSpot(TM) 64-Bit Server VM (25.171-b11 mixed mode windows-amd64 compressed oops)
Heap:
 PSYoungGen      total 327168K, used 111467K [0x00000000e0000000, 0x00000000f5e80000, 0x0000000100000000)
  eden space 304640K, 36% used [0x00000000e0000000,0x00000000e6cdade0,0x00000000f2980000)
  from space 22528K, 0% used [0x00000000f4880000,0x00000000f4880000,0x00000000f5e80000)
  to   space 27136K, 0% used [0x00000000f2980000,0x00000000f2980000,0x00000000f4400000)
 ParOldGen       total 164352K, used 62670K [0x00000000a0000000, 0x00000000aa080000, 0x00000000e0000000)
  object space 164352K, 38% used [0x00000000a0000000,0x00000000a3d33ae8,0x00000000aa080000)
 Metaspace       used 96931K, capacity 101218K, committed 101400K, reserved 1136640K
  class space    used 12492K, capacity 13228K, committed 13336K, reserved 1048576K
GC Heap History (10 events):
Event: 19.522 GC heap before
{Heap before GC invocations=16 (full 3):
 PSYoungGen      total 163840K, used 640K [0x00000000e0000000, 0x00000000efa00000, 0x0000000100000000)
  eden space 143872K, 0% used [0x00000000e0000000,0x00000000e0000000,0x00000000e8c80000)
  from space 19968K, 3% used [0x00000000e8c80000,0x00000000e8d20000,0x00000000ea000000)
  to   space 20480K, 0% used [0x00000000ee600000,0x00000000ee600000,0x00000000efa00000)
 ParOldGen       total 87040K, used 39780K [0x00000000a0000000, 0x00000000a5500000, 0x00000000e0000000)
  object space 87040K, 45% used [0x00000000a0000000,0x00000000a26d9010,0x00000000a5500000)
 Metaspace       used 57481K, capacity 59046K, committed 59160K, reserved 1099776K
  class space    used 7739K, capacity 8136K, committed 8216K, reserved 1048576K
Event: 19.703 GC heap after
Heap after GC invocations=16 (full 3):
 PSYoungGen      total 163840K, used 0K [0x00000000e0000000, 0x00000000efa00000, 0x0000000100000000)
  eden space 143872K, 0% used [0x00000000e0000000,0x00000000e0000000,0x00000000e8c80000)
  from space 19968K, 0% used [0x00000000e8c80000,0x00000000e8c80000,0x00000000ea000000)
  to   space 20480K, 0% used [0x00000000ee600000,0x00000000ee600000,0x00000000efa00000)
 ParOldGen       total 115712K, used 31642K [0x00000000a0000000, 0x00000000a7100000, 0x00000000e0000000)
  object space 115712K, 27% used [0x00000000a0000000,0x00000000a1ee6ba0,0x00000000a7100000)
 Metaspace       used 57481K, capacity 59046K, committed 59160K, reserved 1099776K
  class space    used 7739K, capacity 8136K, committed 8216K, reserved 1048576K
}
Event: 21.947 GC heap before
{Heap before GC invocations=17 (full 3):
 PSYoungGen      total 163840K, used 143872K [0x00000000e0000000, 0x00000000efa00000, 0x0000000100000000)
  eden space 143872K, 100% used [0x00000000e0000000,0x00000000e8c80000,0x00000000e8c80000)
  from space 19968K, 0% used [0x00000000e8c80000,0x00000000e8c80000,0x00000000ea000000)
  to   space 20480K, 0% used [0x00000000ee600000,0x00000000ee600000,0x00000000efa00000)
 ParOldGen       total 115712K, used 31642K [0x00000000a0000000, 0x00000000a7100000, 0x00000000e0000000)
  object space 115712K, 27% used [0x00000000a0000000,0x00000000a1ee6ba0,0x00000000a7100000)
 Metaspace       used 62161K, capacity 63802K, committed 64024K, reserved 1103872K
  class space    used 8243K, capacity 8642K, committed 8728K, reserved 1048576K
Event: 21.954 GC heap after
Heap after GC invocations=17 (full 3):
 PSYoungGen      total 229376K, used 6990K [0x00000000e0000000, 0x00000000ef600000, 0x0000000100000000)
  eden space 212992K, 0% used [0x00000000e0000000,0x00000000e0000000,0x00000000ed000000)
  from space 16384K, 42% used [0x00000000ee600000,0x00000000eecd3bb8,0x00000000ef600000)
  to   space 19456K, 0% used [0x00000000ed000000,0x00000000ed000000,0x00000000ee300000)
 ParOldGen       total 115712K, used 31650K [0x00000000a0000000, 0x00000000a7100000, 0x00000000e0000000)
  object space 115712K, 27% used [0x00000000a0000000,0x00000000a1ee8ba0,0x00000000a7100000)
 Metaspace       used 62161K, capacity 63802K, committed 64024K, reserved 1103872K
  class space    used 8243K, capacity 8642K, committed 8728K, reserved 1048576K
}
Event: 26.075 GC heap before
{Heap before GC invocations=18 (full 3):
 PSYoungGen      total 229376K, used 219982K [0x00000000e0000000, 0x00000000ef600000, 0x0000000100000000)
  eden space 212992K, 100% used [0x00000000e0000000,0x00000000ed000000,0x00000000ed000000)
  from space 16384K, 42% used [0x00000000ee600000,0x00000000eecd3bb8,0x00000000ef600000)
  to   space 19456K, 0% used [0x00000000ed000000,0x00000000ed000000,0x00000000ee300000)
 ParOldGen       total 115712K, used 31650K [0x00000000a0000000, 0x00000000a7100000, 0x00000000e0000000)
  object space 115712K, 27% used [0x00000000a0000000,0x00000000a1ee8ba0,0x00000000a7100000)
 Metaspace       used 82357K, capacity 84662K, committed 85016K, reserved 1122304K
  class space    used 10688K, capacity 11198K, committed 11288K, reserved 1048576K
Event: 26.105 GC heap after
Heap after GC invocations=18 (full 3):
 PSYoungGen      total 232448K, used 19450K [0x00000000e0000000, 0x00000000f6280000, 0x0000000100000000)
  eden space 212992K, 0% used [0x00000000e0000000,0x00000000e0000000,0x00000000ed000000)
  from space 19456K, 99% used [0x00000000ed000000,0x00000000ee2feb38,0x00000000ee300000)
  to   space 26624K, 0% used [0x00000000f4880000,0x00000000f4880000,0x00000000f6280000)
 ParOldGen       total 115712K, used 43171K [0x00000000a0000000, 0x00000000a7100000, 0x00000000e0000000)
  object space 115712K, 37% used [0x00000000a0000000,0x00000000a2a28cf8,0x00000000a7100000)
 Metaspace       used 82357K, capacity 84662K, committed 85016K, reserved 1122304K
  class space    used 10688K, capacity 11198K, committed 11288K, reserved 1048576K
}
Event: 27.691 GC heap before
{Heap before GC invocations=19 (full 3):
 PSYoungGen      total 232448K, used 125782K [0x00000000e0000000, 0x00000000f6280000, 0x0000000100000000)
  eden space 212992K, 49% used [0x00000000e0000000,0x00000000e67d6e40,0x00000000ed000000)
  from space 19456K, 99% used [0x00000000ed000000,0x00000000ee2feb38,0x00000000ee300000)
  to   space 26624K, 0% used [0x00000000f4880000,0x00000000f4880000,0x00000000f6280000)
 ParOldGen       total 115712K, used 43171K [0x00000000a0000000, 0x00000000a7100000, 0x00000000e0000000)
  object space 115712K, 37% used [0x00000000a0000000,0x00000000a2a28cf8,0x00000000a7100000)
 Metaspace       used 95101K, capacity 98482K, committed 98584K, reserved 1134592K
  class space    used 12276K, capacity 12982K, committed 13080K, reserved 1048576K
Event: 27.716 GC heap after
Heap after GC invocations=19 (full 3):
 PSYoungGen      total 327168K, used 15639K [0x00000000e0000000, 0x00000000f5e80000, 0x0000000100000000)
  eden space 304640K, 0% used [0x00000000e0000000,0x00000000e0000000,0x00000000f2980000)
  from space 22528K, 69% used [0x00000000f4880000,0x00000000f57c5cd8,0x00000000f5e80000)
  to   space 27136K, 0% used [0x00000000f2980000,0x00000000f2980000,0x00000000f4400000)
 ParOldGen       total 115712K, used 55205K [0x00000000a0000000, 0x00000000a7100000, 0x00000000e0000000)
  object space 115712K, 47% used [0x00000000a0000000,0x00000000a35e9578,0x00000000a7100000)
 Metaspace       used 95101K, capacity 98482K, committed 98584K, reserved 1134592K
  class space    used 12276K, capacity 12982K, committed 13080K, reserved 1048576K
}
Event: 27.716 GC heap before
{Heap before GC invocations=20 (full 4):
 PSYoungGen      total 327168K, used 15639K [0x00000000e0000000, 0x00000000f5e80000, 0x0000000100000000)
  eden space 304640K, 0% used [0x00000000e0000000,0x00000000e0000000,0x00000000f2980000)
  from space 22528K, 69% used [0x00000000f4880000,0x00000000f57c5cd8,0x00000000f5e80000)
  to   space 27136K, 0% used [0x00000000f2980000,0x00000000f2980000,0x00000000f4400000)
 ParOldGen       total 115712K, used 55205K [0x00000000a0000000, 0x00000000a7100000, 0x00000000e0000000)
  object space 115712K, 47% used [0x00000000a0000000,0x00000000a35e9578,0x00000000a7100000)
 Metaspace       used 95101K, capacity 98482K, committed 98584K, reserved 1134592K
  class space    used 12276K, capacity 12982K, committed 13080K, reserved 1048576K
Event: 27.847 GC heap after
Heap after GC invocations=20 (full 4):
 PSYoungGen      total 327168K, used 0K [0x00000000e0000000, 0x00000000f5e80000, 0x0000000100000000)
  eden space 304640K, 0% used [0x00000000e0000000,0x00000000e0000000,0x00000000f2980000)
  from space 22528K, 0% used [0x00000000f4880000,0x00000000f4880000,0x00000000f5e80000)
  to   space 27136K, 0% used [0x00000000f2980000,0x00000000f2980000,0x00000000f4400000)
 ParOldGen       total 164352K, used 62670K [0x00000000a0000000, 0x00000000aa080000, 0x00000000e0000000)
  object space 164352K, 38% used [0x00000000a0000000,0x00000000a3d33ae8,0x00000000aa080000)
 Metaspace       used 94581K, capacity 97198K, committed 98584K, reserved 1134592K
  class space    used 12086K, capacity 12658K, committed 13080K, reserved 1048576K
}

